<?xml version="1.0" encoding="UTF-8"?>
<!-- Generated by org.testng.reporters.JUnitReportReporter -->
<testsuite hostname="loadrunner-PC" name="desktop_Components.Robot_DownloadFile" tests="1" failures="0" timestamp="29 Nov 2016 14:23:59 GMT" time="12.011" errors="0">
  <testcase name="f" time="12.011" classname="desktop_Components.Robot_DownloadFile"/>
</testsuite> <!-- desktop_Components.Robot_DownloadFile -->
