<?xml version="1.0" encoding="UTF-8"?>
<!-- Generated by org.testng.reporters.JUnitReportReporter -->
<testsuite hostname="loadrunner-PC" name="testng.Spicejet_Popup" tests="1" failures="0" timestamp="23 Nov 2016 14:27:41 GMT" time="44.757" errors="0">
  <testcase name="popup" time="44.757" classname="testng.Spicejet_Popup"/>
</testsuite> <!-- testng.Spicejet_Popup -->
