<?xml version="1.0" encoding="UTF-8"?>
<!-- Generated by org.testng.reporters.JUnitReportReporter -->
<testsuite hostname="loadrunner-PC" name="excel.execel1" tests="1" failures="0" timestamp="5 Dec 2016 14:40:53 GMT" time="22.801" errors="0">
  <testcase name="f" time="22.801" classname="excel.execel1"/>
</testsuite> <!-- excel.execel1 -->
