<?xml version="1.0" encoding="UTF-8"?>
<!-- Generated by org.testng.reporters.JUnitReportReporter -->
<testsuite hostname="loadrunner-PC" name="excel.Excel_poi" tests="1" failures="0" timestamp="5 Dec 2016 13:39:28 GMT" time="21.622" errors="0">
  <testcase name="f" time="21.622" classname="excel.Excel_poi"/>
</testsuite> <!-- excel.Excel_poi -->
