<?xml version="1.0" encoding="UTF-8"?>
<!-- Generated by org.testng.reporters.JUnitReportReporter -->
<testsuite hostname="loadrunner-PC" name="testng.Frames_Paytm" tests="1" failures="0" timestamp="25 Nov 2016 14:34:59 GMT" time="76.924" errors="0">
  <testcase name="f" time="76.924" classname="testng.Frames_Paytm"/>
</testsuite> <!-- testng.Frames_Paytm -->
