<?xml version="1.0" encoding="UTF-8"?>
<!-- Generated by org.testng.reporters.JUnitReportReporter -->
<testsuite hostname="loadrunner-PC" name="desktop_Components.AutoIT_Upload" tests="1" failures="0" timestamp="28 Nov 2016 14:29:05 GMT" time="3.008" errors="0">
  <testcase name="f" time="3.008" classname="desktop_Components.AutoIT_Upload"/>
</testsuite> <!-- desktop_Components.AutoIT_Upload -->
