<?xml version="1.0" encoding="UTF-8"?>
<!-- Generated by org.testng.reporters.JUnitReportReporter -->
<testsuite hostname="loadrunner-PC" name="excel.Sample_JXL" tests="1" failures="0" timestamp="2 Dec 2016 14:46:33 GMT" time="18.699" errors="0">
  <testcase name="f" time="18.699" classname="excel.Sample_JXL"/>
</testsuite> <!-- excel.Sample_JXL -->
