<?xml version="1.0" encoding="UTF-8"?>
<!-- Generated by org.testng.reporters.JUnitReportReporter -->
<testsuite hostname="loadrunner-PC" name="desktop_Components.Robot_UploadFile" tests="1" failures="0" timestamp="30 Nov 2016 13:42:25 GMT" time="31.821" errors="0">
  <testcase name="f" time="31.821" classname="desktop_Components.Robot_UploadFile"/>
</testsuite> <!-- desktop_Components.Robot_UploadFile -->
