<?xml version="1.0" encoding="UTF-8"?>
<!-- Generated by org.testng.reporters.JUnitReportReporter -->
<testsuite hostname="loadrunner-PC" name="testng.NewTest" tests="4" failures="0" timestamp="1 Dec 2016 14:21:04 GMT" time="0.000" errors="0">
  <testcase name="f" time="0.000" classname="testng.NewTest"/>
  <testcase name="aa" time="0.000" classname="testng.NewTest"/>
  <testcase name="r" time="0.000" classname="testng.NewTest"/>
  <testcase name="dd" time="0.000" classname="testng.NewTest"/>
</testsuite> <!-- testng.NewTest -->
