<?xml version="1.0" encoding="UTF-8"?>
<!-- Generated by org.testng.reporters.JUnitReportReporter -->
<testsuite hostname="loadrunner-PC" name="desktop_Components.Autoit_DownloadFile" tests="1" failures="0" timestamp="29 Nov 2016 13:35:16 GMT" time="14.343" errors="0">
  <testcase name="f" time="14.343" classname="desktop_Components.Autoit_DownloadFile"/>
</testsuite> <!-- desktop_Components.Autoit_DownloadFile -->
