<?xml version="1.0" encoding="UTF-8"?>
<!-- Generated by org.testng.reporters.JUnitReportReporter -->
<testsuite hostname="loadrunner-PC" name="testng.Frames" tests="1" failures="0" timestamp="1 Dec 2016 14:21:04 GMT" time="37.800" errors="0">
  <testcase name="f" time="37.800" classname="testng.Frames"/>
</testsuite> <!-- testng.Frames -->
