<?xml version="1.0" encoding="UTF-8"?>
<!-- Generated by org.testng.reporters.JUnitReportReporter -->
<testsuite hostname="loadrunner-PC" name="testng.Css_Selector" tests="1" failures="0" timestamp="1 Dec 2016 14:21:04 GMT" time="0.177" errors="0">
  <testcase name="f" time="0.177" classname="testng.Css_Selector"/>
</testsuite> <!-- testng.Css_Selector -->
